-----BEGIN STRICT TYPE LIB-----
Id: urn:ubideco:stl:FJu4K5SusGVZNSAgyhY4i3gQknbbAjB9pKK3fHaZJVWi
Name: RGB
Dependencies: 
  urn:ubideco:stl:ZtHaBzu9ojbDahaGKEXe5v9DfSDxLERbLkEB23R6Q6V,
  urn:ubideco:stl:5XLKQ1sNryZm9bdFKU2kBY3MPYdZXhchVdQKBbHA3gby,
  urn:ubideco:stl:9KALDYR8Nyjq4FdMW6kYoL7vdkWnqPqNuFnmE9qHpNjZ,
  urn:ubideco:stl:DVtm25LRKU4TjbyZmVxPhvCmctZ6vKkPKqfpU2QsDNUo,
  urn:ubideco:stl:E4xYrMV4cHgYhTPzrjG3DxzAyLEMnbvnsrBsGhQP4anV,
  urn:ubideco:stl:HX2UBak8vPsTokug1DGMDvTpzns3xUdwZ7QJdyt4qBA9

A1JHQgYIbJMpP1Zo7NnfnUB1CNehMyMWREFWAosurAm/5d+NQgxDb21taXRWZXJp
ZnlDNAOU2Bsw4lIokCYe82/5+Kg5UZH1C2leIyoes7dByAtTdHJpY3RUeXBlc3uE
gDye+uIRJad8LDm8cNL96PlDrg39nPTmgu3HZspwA1N0ZLmzB6Bap1ZJhkNCbroW
Cz+PjGj56E/9zS2FQAp57Q9gBUFsdVZNwit7ask8TqWm+/r8Wolw6m4OOVen+A89
R6ZzlSgGrKoGQlBDb3Jl9WwTYiP2OadKCZPcR0bJ+YqruINYXbXZFj8YfsQoGgoH
Qml0Y29pbgYFQWx1Vk0CAG3voSbhvHXh/0hL+4XBNNEMMtyMHkDgaUsc1qfr3Nxh
B0xpYlNpdGWnMFUCLflcyPCJo0WiP5beUSnAE7cO8SfYIZBBlftTCgVMaWJJZAZC
UENvcmULAAF8B10AQEsWlZgbF8NhLca46q4Nf3BZYpIWdVrlGZMREVRhcHJldE5v
ZGVQYXJ0bmVyDFBskkmcWPMvLuwsVLjXFmu8mBTsPpkCRT1xLrphCeENQmxpbmRT
ZWFsVHhpZA+2H5g/Gu2rjnvK5hyt61m+s5sC5IXzN5lwiJbZEwgMC1RhcHJldFBy
b29mE8RTUmYnu0QljDtn9MzCfv785Ce3z14P/YGPL3572HwPVGFwcmV0UGF0aFBy
b29mOD9iLnFT0sghkTzLdx2fPWTfdvIoVVkt+EZDlBZNbQURVGFwcmV0UmlnaHRC
cmFuY2hDcViVVpNZ3ixLTcNz9Eo2jG7LZ2jFXeMnqjPfO7Xw3BFBbmNob3JNZXJr
bGVQcm9vZmgZ67zVsxirl7OYpUs2Zd3apwZv6Okk5wNgqZSzvQZOClNlY3JldFNl
YWx+tfgzfJGqb7i9lbu7y/XhxSWJRdIRdtoe1NyMxTElZQ5CbGluZFNlYWxUeFB0
crHlODkUCji+8G8az74cYKVv4eH0fXgIKHm/0frTECHdBVR4UHRy0lIwfH1xkDX3
MH7oKCXsG4EroYfdnZhJi0qNFvpu1UMLQ2xvc2VNZXRob2TUlmYB3jzummNgw+4N
YLL9m9n4vO9oG2GrUIEodbTLhAVQcm9vZgdCaXRjb2luCAAh4z5Dxapc8iknU6M4
wWftO2OcTdnOvamPNGkXuslDdQRWb3V0Jav1uRIUF7qjOdRfexV1p3FL4Xp1GF3Q
MTV61Mkt6YYLU2NyaXB0Qnl0ZXMxu67ohIl3xbAHMXIxzZL2MLYpLc2Jf9y63sW6
xOl/2QtUYXBOb2RlSGFzaF+s2W3lP07FFNmxjWeA2gqr6y0mC/03LaPAeqRdOZ9N
CkxlYWZTY3JpcHSjgkLzy9fR0KES2o3hYC9W1PhvDsTEdsXAaFlMSwRlVgRUeGlk
qYWEd1OeaPuwv+7HmiHEV0PBVPj6vT+Y4NORPee3N3gKSW50ZXJuYWxQa7YzCakY
v7aSDW7IWKQkhyNGWmk/ckMHv/8d1zpzgU7JB0xlYWZWZXL8oqcqvpH+zYKosZiQ
YyLCTnaqqjXyJNFzBWOgGC6IWQdYT25seVBrDENvbW1pdFZlcmlmeQIAL+7PHkTS
oSm5ihQ4R0s5cZUrKByiAZLVEyb4sjZgXmcLTWVya2xlUHJvb2ZVjTcH+EWGU4Du
zEFVJOikmWBR05SCQ/GU9/GRVyPp5gpNZXJrbGVOb2RlA1N0ZAIAYYYi0Xuu8GYC
3+d1yYDgs2tuuugJDYB191E77EuT9k0EQm9vbHKOpoqX3nQg9ipZabBLhyYEv0XW
3ziVnH4m56ckkOStDkFscGhhTnVtTG9kYXNoC1N0cmljdFR5cGVzDgAkY9q/fErx
6pEg77+AwseJoVeS1PH7oyxYmCOxD2kh+glQcmltaXRpdmUo1blYUNwtVYzQKCXT
kW7dbtzyFz3KQHmB1yG2/wQHWwdWYXJpYW50LkdbPnPJ4CJtjiwnuhSzqiW+bSj3
R34s/YxNKF4Y7FYKVHlwZVN5c3RlbTGfVIaRN3Rj/O5fZHuG+8x7OeOMsSSRNp1P
wyPORVOUEFZhcmlhbnRJbmZvU2VtSWQ9/s716l6MmUhz2/wjcUiNlzREfgaORQGY
jIrieWsJ4RJVbmlvblZhcmlhbnRzU2VtSWRSts4J5ItWvX7aCNJT/iKkJ1p2nl9e
q2knjTxiqg7N4wxFbnVtVmFyaWFudHNkjNQPsGuGqY9nocBJzQalxfaKd0DwHvEF
5H5YEof9TxJVbm5hbWVkRmllbGRzU2VtSWRmOzcfwVhyP3ywDjmUGhUaRbYUcIdR
XeUr61Qp/G1hwRBOYW1lZEZpZWxkc1NlbUlkZ1aQGBMdtyman9iDSJebaCypwR5F
oqlt42ELtODET4AKRmllbGRTZW1JZGsEoxSeppUAFmef7wK0qyT15reKZMjZ0L1l
/NejWE6NBVNlbUlkeeGLYidYrhMBu+oHxIafrD1Q2ZASLwmkSf0/s/qF72sHVHlT
ZW1JZH12Mkn1D7upVaskcvJvaY/F4AkagukUFNuiUNYnZMfoBUlkZW50gdMsJNfD
6DLZw2L9yPSPkJ0/hyi8Mk5N5Eyh4YmbGQYGU2l6aW5nqBTsKLDtVe3urlF5pOfl
n0Cz+VUWEG6bwS5yGr9+VhwJRmllbGROYW1lQgAJQWx0TGF5ZXIxAwEGbGlxdWlk
AQxBbHRMYXllcjFTZXQFAQAJAchrgnsLWn3GkQQkcuUiJ4/Qz8UaV2igSz+qMUAb
PH4jAAAAAAAAAAD/AAAAAAAAAAlBbHVTY3JpcHQGAgRsaWJzAAoCubMHoFqnVkmG
Q0JuuhYLP4+MaPnoT/3NLYVACnntD2CnMFUCLflcyPCJo0WiP5beUSnAE7cO8SfY
IZBBlftTCgAIAABAAAAAAAAAAAD//wAAAAAAAAAAAAAAAAAA/wAAAAAAAAALZW50
cnlQb2ludHMACgAHAABAAwACubMHoFqnVkmGQ0JuuhYLP4+MaPnoT/3NLYVACnnt
D2Bt76Em4bx14f9IS/uFwTTRDDLcjB5A4GlLHNan69zcYQAAAAAAAAAA//8AAAAA
AAAGQW5jaG9yBAIAB2JpdGNvaW4ABQECwit7ask8TqWm+/r8Wolw6m4OOVen+A89
R6ZzlSgGrKpDcViVVpNZ3ixLTcNz9Eo2jG7LZ2jFXeMnqjPfO7Xw3AEGbGlxdWlk
AAUBAsIre2rJPE6lpvv6/FqJcOpuDjlXp/gPPUemc5UoBqyqQ3FYlVaTWd4sS03D
c/RKNoxuy2doxV3jJ6oz3zu18NwOQW5jaG9yZWRCdW5kbGUGAgZhbmNob3IBGgZU
FtcBwYs7y/5cnNFGKlYVRAfPKNyKTWYNUQMqtDEGYnVuZGxlASC0+AUumuihjUfX
b5cxSoioqIwV/gVjuWxSqY80qFTTCEFzc2V0VGFnBQEABwAAQCAAIkFzc2lnblJl
dmVhbGVkQXR0YWNoQmxpbmRTZWFsVHhQdHIEBAAMY29uZmlkZW50aWFsAAYCBHNl
YWwCwit7ask8TqWm+/r8Wolw6m4OOVen+A89R6ZzlSgGrKpoGeu81bMYq5ezmKVL
NmXd2qcGb+jpJOcDYKmUs70GTgVzdGF0ZQH8NEXdX88NC/+sFaR6ugUi4FuLKxsw
ZVKHg497LeuOPQERY29uZmlkZW50aWFsU3RhdGUABgIEc2VhbAFMDmYSVmFZhisB
qKRS0o8UoIW6bnAbqEA9zGIP4nat6AVzdGF0ZQH8NEXdX88NC/+sFaR6ugUi4FuL
KxswZVKHg497LeuOPQIQY29uZmlkZW50aWFsU2VhbAAGAgRzZWFsAsIre2rJPE6l
pvv6/FqJcOpuDjlXp/gPPUemc5UoBqyqaBnrvNWzGKuXs5ilSzZl3dqnBm/o6STn
A2CplLO9Bk4Fc3RhdGUBaFM0IAzcU8ZNduK2LqpmL9o62ZG/BqspDrzQ9noDSswD
CHJldmVhbGVkAAYCBHNlYWwBTA5mElZhWYYrAaikUtKPFKCFum5wG6hAPcxiD+J2
regFc3RhdGUBaFM0IAzcU8ZNduK2LqpmL9o62ZG/BqspDrzQ9noDSswhQXNzaWdu
UmV2ZWFsZWRBdHRhY2hCbGluZFNlYWxUeGlkBAQADGNvbmZpZGVudGlhbAAGAgRz
ZWFsAsIre2rJPE6lpvv6/FqJcOpuDjlXp/gPPUemc5UoBqyqaBnrvNWzGKuXs5il
SzZl3dqnBm/o6STnA2CplLO9Bk4Fc3RhdGUB/DRF3V/PDQv/rBWkeroFIuBbiysb
MGVSh4OPey3rjj0BEWNvbmZpZGVudGlhbFN0YXRlAAYCBHNlYWwBIiginEN2Pciz
QprhAmty41DZdy9s4y6MKYoFX2dX8iUFc3RhdGUB/DRF3V/PDQv/rBWkeroFIuBb
iysbMGVSh4OPey3rjj0CEGNvbmZpZGVudGlhbFNlYWwABgIEc2VhbALCK3tqyTxO
pab7+vxaiXDqbg45V6f4Dz1HpnOVKAasqmgZ67zVsxirl7OYpUs2Zd3apwZv6Okk
5wNgqZSzvQZOBXN0YXRlAWhTNCAM3FPGTXbiti6qZi/aOtmRvwarKQ680PZ6A0rM
AwhyZXZlYWxlZAAGAgRzZWFsASIoIpxDdj3Is0Ka4QJrcuNQ2XcvbOMujCmKBV9n
V/IlBXN0YXRlAWhTNCAM3FPGTXbiti6qZi/aOtmRvwarKQ680PZ6A0rMIEFzc2ln
blJldmVhbGVkRGF0YUJsaW5kU2VhbFR4UHRyBAQADGNvbmZpZGVudGlhbAAGAgRz
ZWFsAsIre2rJPE6lpvv6/FqJcOpuDjlXp/gPPUemc5UoBqyqaBnrvNWzGKuXs5il
SzZl3dqnBm/o6STnA2CplLO9Bk4Fc3RhdGUBcA1lELKCgW8ftz3lEmOTA1cIpVJh
rQLg1L5axc+n6gkBEWNvbmZpZGVudGlhbFN0YXRlAAYCBHNlYWwBTA5mElZhWYYr
AaikUtKPFKCFum5wG6hAPcxiD+J2regFc3RhdGUBcA1lELKCgW8ftz3lEmOTA1cI
pVJhrQLg1L5axc+n6gkCEGNvbmZpZGVudGlhbFNlYWwABgIEc2VhbALCK3tqyTxO
pab7+vxaiXDqbg45V6f4Dz1HpnOVKAasqmgZ67zVsxirl7OYpUs2Zd3apwZv6Okk
5wNgqZSzvQZOBXN0YXRlASDyUFYij2bO/JH66me8X8bwaVw9R3lzWT+s0TfKckhl
AwhyZXZlYWxlZAAGAgRzZWFsAUwOZhJWYVmGKwGopFLSjxSghbpucBuoQD3MYg/i
dq3oBXN0YXRlASDyUFYij2bO/JH66me8X8bwaVw9R3lzWT+s0TfKckhlH0Fzc2ln
blJldmVhbGVkRGF0YUJsaW5kU2VhbFR4aWQEBAAMY29uZmlkZW50aWFsAAYCBHNl
YWwCwit7ask8TqWm+/r8Wolw6m4OOVen+A89R6ZzlSgGrKpoGeu81bMYq5ezmKVL
NmXd2qcGb+jpJOcDYKmUs70GTgVzdGF0ZQFwDWUQsoKBbx+3PeUSY5MDVwilUmGt
AuDUvlrFz6fqCQERY29uZmlkZW50aWFsU3RhdGUABgIEc2VhbAEiKCKcQ3Y9yLNC
muECa3LjUNl3L2zjLowpigVfZ1fyJQVzdGF0ZQFwDWUQsoKBbx+3PeUSY5MDVwil
UmGtAuDUvlrFz6fqCQIQY29uZmlkZW50aWFsU2VhbAAGAgRzZWFsAsIre2rJPE6l
pvv6/FqJcOpuDjlXp/gPPUemc5UoBqyqaBnrvNWzGKuXs5ilSzZl3dqnBm/o6STn
A2CplLO9Bk4Fc3RhdGUBIPJQViKPZs78kfrqZ7xfxvBpXD1HeXNZP6zRN8pySGUD
CHJldmVhbGVkAAYCBHNlYWwBIiginEN2PcizQprhAmty41DZdy9s4y6MKYoFX2dX
8iUFc3RhdGUBIPJQViKPZs78kfrqZ7xfxvBpXD1HeXNZP6zRN8pySGUhQXNzaWdu
UmV2ZWFsZWRWYWx1ZUJsaW5kU2VhbFR4UHRyBAQADGNvbmZpZGVudGlhbAAGAgRz
ZWFsAsIre2rJPE6lpvv6/FqJcOpuDjlXp/gPPUemc5UoBqyqaBnrvNWzGKuXs5il
SzZl3dqnBm/o6STnA2CplLO9Bk4Fc3RhdGUBwlGtZel1DayaElnMwIUkXNX3sW9S
2HI2RizxdYyfTl0BEWNvbmZpZGVudGlhbFN0YXRlAAYCBHNlYWwBTA5mElZhWYYr
AaikUtKPFKCFum5wG6hAPcxiD+J2regFc3RhdGUBwlGtZel1DayaElnMwIUkXNX3
sW9S2HI2RizxdYyfTl0CEGNvbmZpZGVudGlhbFNlYWwABgIEc2VhbALCK3tqyTxO
pab7+vxaiXDqbg45V6f4Dz1HpnOVKAasqmgZ67zVsxirl7OYpUs2Zd3apwZv6Okk
5wNgqZSzvQZOBXN0YXRlAW1ExvQvagU6QxUPpubCLMToeuUslPgG1Ayl3If2dY2g
AwhyZXZlYWxlZAAGAgRzZWFsAUwOZhJWYVmGKwGopFLSjxSghbpucBuoQD3MYg/i
dq3oBXN0YXRlAW1ExvQvagU6QxUPpubCLMToeuUslPgG1Ayl3If2dY2gIEFzc2ln
blJldmVhbGVkVmFsdWVCbGluZFNlYWxUeGlkBAQADGNvbmZpZGVudGlhbAAGAgRz
ZWFsAsIre2rJPE6lpvv6/FqJcOpuDjlXp/gPPUemc5UoBqyqaBnrvNWzGKuXs5il
SzZl3dqnBm/o6STnA2CplLO9Bk4Fc3RhdGUBwlGtZel1DayaElnMwIUkXNX3sW9S
2HI2RizxdYyfTl0BEWNvbmZpZGVudGlhbFN0YXRlAAYCBHNlYWwBIiginEN2Pciz
QprhAmty41DZdy9s4y6MKYoFX2dX8iUFc3RhdGUBwlGtZel1DayaElnMwIUkXNX3
sW9S2HI2RizxdYyfTl0CEGNvbmZpZGVudGlhbFNlYWwABgIEc2VhbALCK3tqyTxO
pab7+vxaiXDqbg45V6f4Dz1HpnOVKAasqmgZ67zVsxirl7OYpUs2Zd3apwZv6Okk
5wNgqZSzvQZOBXN0YXRlAW1ExvQvagU6QxUPpubCLMToeuUslPgG1Ayl3If2dY2g
AwhyZXZlYWxlZAAGAgRzZWFsASIoIpxDdj3Is0Ka4QJrcuNQ2XcvbOMujCmKBV9n
V/IlBXN0YXRlAW1ExvQvagU6QxUPpubCLMToeuUslPgG1Ayl3If2dY2gHUFzc2ln
blZvaWRTdGF0ZUJsaW5kU2VhbFR4UHRyBAQADGNvbmZpZGVudGlhbAAGAgRzZWFs
AsIre2rJPE6lpvv6/FqJcOpuDjlXp/gPPUemc5UoBqyqaBnrvNWzGKuXs5ilSzZl
3dqnBm/o6STnA2CplLO9Bk4Fc3RhdGUBLrKl/hfAMEQwmOBcmxtabNYe7XYNYd7L
gCbTZPMW4bsBEWNvbmZpZGVudGlhbFN0YXRlAAYCBHNlYWwBTA5mElZhWYYrAaik
UtKPFKCFum5wG6hAPcxiD+J2regFc3RhdGUBLrKl/hfAMEQwmOBcmxtabNYe7XYN
Yd7LgCbTZPMW4bsCEGNvbmZpZGVudGlhbFNlYWwABgIEc2VhbALCK3tqyTxOpab7
+vxaiXDqbg45V6f4Dz1HpnOVKAasqmgZ67zVsxirl7OYpUs2Zd3apwZv6Okk5wNg
qZSzvQZOBXN0YXRlAS6ypf4XwDBEMJjgXJsbWmzWHu12DWHey4Am02TzFuG7Awhy
ZXZlYWxlZAAGAgRzZWFsAUwOZhJWYVmGKwGopFLSjxSghbpucBuoQD3MYg/idq3o
BXN0YXRlAS6ypf4XwDBEMJjgXJsbWmzWHu12DWHey4Am02TzFuG7HEFzc2lnblZv
aWRTdGF0ZUJsaW5kU2VhbFR4aWQEBAAMY29uZmlkZW50aWFsAAYCBHNlYWwCwit7
ask8TqWm+/r8Wolw6m4OOVen+A89R6ZzlSgGrKpoGeu81bMYq5ezmKVLNmXd2qcG
b+jpJOcDYKmUs70GTgVzdGF0ZQEusqX+F8AwRDCY4FybG1ps1h7tdg1h3suAJtNk
8xbhuwERY29uZmlkZW50aWFsU3RhdGUABgIEc2VhbAEiKCKcQ3Y9yLNCmuECa3Lj
UNl3L2zjLowpigVfZ1fyJQVzdGF0ZQEusqX+F8AwRDCY4FybG1ps1h7tdg1h3suA
JtNk8xbhuwIQY29uZmlkZW50aWFsU2VhbAAGAgRzZWFsAsIre2rJPE6lpvv6/FqJ
cOpuDjlXp/gPPUemc5UoBqyqaBnrvNWzGKuXs5ilSzZl3dqnBm/o6STnA2CplLO9
Bk4Fc3RhdGUBLrKl/hfAMEQwmOBcmxtabNYe7XYNYd7LgCbTZPMW4bsDCHJldmVh
bGVkAAYCBHNlYWwBIiginEN2PcizQprhAmty41DZdy9s4y6MKYoFX2dX8iUFc3Rh
dGUBLrKl/hfAMEQwmOBcmxtabNYe7XYNYd7LgCbTZPMW4bsOQXNzaWdubWVudFR5
cGUFAQAAAhlBc3NpZ25tZW50c0JsaW5kU2VhbFR4UHRyBQEACgGH/uJlWIhs6By+
hoSzeWMnE2WDxbZoAV6LFBY2sUSHuQEn6H42DaHbH/Nmg9qkx6zx6SFLpwTKIbZx
4evqgdUsqAAAAAAAAAAA/wAAAAAAAAAYQXNzaWdubWVudHNCbGluZFNlYWxUeGlk
BQEACgGH/uJlWIhs6By+hoSzeWMnE2WDxbZoAV6LFBY2sUSHuQFDlKM72heEFj/f
Wqcli5NfRUYBP+GCe+wsGF88FllPGgAAAAAAAAAA/wAAAAAAAAAIQXR0YWNoSWQF
AQAHAABAIAAOQmxpbmRpbmdGYWN0b3IFAQAHAABAIAAKQnVuZGxlSXRlbQYCBmlu
cHV0cwAJAAACAAAAAAAAAAD/AAAAAAAAAAp0cmFuc2l0aW9uAAQCAARub25lAAAA
AQRzb21lAAUBASMBuJTEPTR+Ah9EqULiUzAtkww8zRkzC7SQATjWXnanD0NvbmNl
YWxlZEF0dGFjaAUBAAcAAEAgAA1Db25jZWFsZWREYXRhBQEABwAAQCAAEUNvbmNl
YWxlZEZ1bmdpYmxlBgIKY29tbWl0bWVudAFIvRpuF/uGOxZ8fiVeNWfbgkPvKl66
66LFCs0Jrp5RGgpyYW5nZVByb29mAahYa/iRZdrCIxBtvYXEhsk35rBm6wxmQf8W
L2iod6WYCkNvbnRyYWN0SWQFAQAHAABAIAAJRXh0ZW5zaW9uBggDZmZ2AdqbURNY
FlZ2kIf7meVWlHI2gNc5DAahzCSYLAVk98zVCmNvbnRyYWN0SWQBnwgsSTrIAqK6
xd3cCyJ8IK+U1GjESM8aWiHgvcL1OjINZXh0ZW5zaW9uVHlwZQFkdR5CqRWhPEMR
gtX/htUc00Rwo5DhSuygUMw6U29I3ghtZXRhZGF0YQAIAABAAAAAAAAAAAD//wAA
AAAAAAdnbG9iYWxzAaIzyegoTsx1mPwGOec00MsCjEss3ISRPpnZqkY+JNZSC2Fz
c2lnbm1lbnRzAbUVlEYl9eg67Xibe4rUeg0yqIr6yyDtBEqfIkT6IEO9CHJlZGVl
bWVkAd/PqZH1h+VNRLcBFVwAKfyVa5vxzalBjmM4lqrAKoPoCXZhbGVuY2llcwHd
hWYAb2FkERTujvHXqvgJsxoksKonqZuyMOiqzylHTQ9FeHRlbnNpb25TY2hlbWEG
BQhtZXRhZGF0YQJDNAOU2Bsw4lIokCYe82/5+Kg5UZH1C2leIyoes7dByGsEoxSe
ppUAFmef7wK0qyT15reKZMjZ0L1l/NejWE6NB2dsb2JhbHMACgHV7pIOSYizafFq
U9EHSvu1I/jHUnEe+zY9VlkF4eQVywE2wTSh+qCBE6fdMIA8XrDywv3aFLDVo9aT
w26eDzKqeQAAAAAAAAAA/wAAAAAAAAAHcmVkZWVtcwAJAUbt5sMIHP245lekKlzg
xgiEf/wfvl52uXF0qcr1iVnOAAAAAAAAAAD/AAAAAAAAAAthc3NpZ25tZW50cwAK
AYf+4mVYiGzoHL6GhLN5YycTZYPFtmgBXosUFjaxRIe5ATbBNKH6oIETp90wgDxe
sPLC/doUsNWj1pPDbp4PMqp5AAAAAAAAAAD/AAAAAAAAAAl2YWxlbmNpZXMACQFG
7ebDCBz9uOZXpCpc4MYIhH/8H75edrlxdKnK9YlZzgAAAAAAAAAA/wAAAAAAAAAN
RXh0ZW5zaW9uVHlwZQUBAAACA0ZmdgUBAAACDUZ1bmdpYmxlU3RhdGUEAQgGYml0
czY0AAUBAAAIDEZ1bmdpYmxlVHlwZQMBDXVuc2lnbmVkNjRCaXQIB0dlbmVzaXMG
CANmZnYB2ptRE1gWVnaQh/uZ5VaUcjaA1zkMBqHMJJgsBWT3zNUIc2NoZW1hSWQB
lFLT2wOrq6hRn6f2PtAU69RNfTE//P4A+l0kelQEkBAHdGVzdG5ldAJ7hIA8nvri
ESWnfCw5vHDS/ej5Q64N/Zz05oLtx2bKcGGGItF7rvBmAt/ndcmA4LNrbrroCQ2A
dfdRO+xLk/ZNCmFsdExheWVyczEBJFdS2GWA8JzKaiM3VBJEIGB8oyx/7szxFBAA
bwoJKowIbWV0YWRhdGEACAAAQAAAAAAAAAAA//8AAAAAAAAHZ2xvYmFscwGiM8no
KE7MdZj8BjnnNNDLAoxLLNyEkT6Z2apGPiTWUgthc3NpZ25tZW50cwG1FZRGJfXo
Ou14m3uK1HoNMqiK+ssg7QRKnyJE+iBDvQl2YWxlbmNpZXMB3YVmAG9hZBEU7o7x
16r4CbMaJLCqJ6mbsjDoqs8pR00NR2VuZXNpc1NjaGVtYQYECG1ldGFkYXRhAkM0
A5TYGzDiUiiQJh7zb/n4qDlRkfULaV4jKh6zt0HIawSjFJ6mlQAWZ5/vArSrJPXm
t4pkyNnQvWX816NYTo0HZ2xvYmFscwAKAdXukg5JiLNp8WpT0QdK+7Uj+MdScR77
Nj1WWQXh5BXLATbBNKH6oIETp90wgDxesPLC/doUsNWj1pPDbp4PMqp5AAAAAAAA
AAD/AAAAAAAAAAthc3NpZ25tZW50cwAKAYf+4mVYiGzoHL6GhLN5YycTZYPFtmgB
XosUFjaxRIe5ATbBNKH6oIETp90wgDxesPLC/doUsNWj1pPDbp4PMqp5AAAAAAAA
AAD/AAAAAAAAAAl2YWxlbmNpZXMACQFG7ebDCBz9uOZXpCpc4MYIhH/8H75edrlx
dKnK9YlZzgAAAAAAAAAA/wAAAAAAAAALR2xvYmFsU3RhdGUFAQAKAdXukg5JiLNp
8WpT0QdK+7Uj+MdScR77Nj1WWQXh5BXLAUY0faUe7WgMXvtvL6bEb+nZw1LviY4p
spRGpo3GoF6mAAAAAAAAAAD/AAAAAAAAABFHbG9iYWxTdGF0ZVNjaGVtYQYCBXNl
bUlkAkM0A5TYGzDiUiiQJh7zb/n4qDlRkfULaV4jKh6zt0HIawSjFJ6mlQAWZ5/v
ArSrJPXmt4pkyNnQvWX816NYTo0IbWF4SXRlbXMAAAIPR2xvYmFsU3RhdGVUeXBl
BQEAAAIMR2xvYmFsVmFsdWVzBQEACAEg8lBWIo9mzvyR+upnvF/G8GlcPUd5c1k/
rNE3ynJIZQEAAAAAAAAA//8AAAAAAAAFSW5wdXQGAgdwcmV2T3V0AZMQvICxNFqL
L8NYUu4PTWjQHbf6NcubZJKrVgma9JqXCHJlc2VydmVkAUUqpV991gFKi6FtxGYy
tg/xtWzcOlMuz71rk9VnGZ6JBklucHV0cwUBAAkByUJCIu0Cvkdp/U8jHbNFTqco
vEOoEQ7bM8uPLwqeSEYAAAAAAAAAAP8AAAAAAAAACU1lZGlhVHlwZQMBA2Fuef8J
Tm9pc2VEdW1iBQEABwAAQAACC09jY3VycmVuY2VzBgIDbWluAAACA21heAAAAgRP
cElkBQEABwAAQCAABU9wb3V0BgMCb3ABlcjmeh51Yl/UllVCapHrfkKQoW9amPG+
UPe2iiQS98UCdHkBh/7iZViIbOgcvoaEs3ljJxNlg8W2aAFeixQWNrFEh7kCbm8A
AAISUGVkZXJzZW5Db21taXRtZW50BQEABwAAQCEAClJhbmdlUHJvb2YEAf8LcGxh
Y2Vob2xkZXIABQEBHnYX8Sd92z674WoPchG3be1V329DDVURXwN4J6VCVycIUmVk
ZWVtZWQFAQAKAUbt5sMIHP245lekKlzgxgiEf/wfvl52uXF0qcr1iVnOAZXI5noe
dWJf1JZVQmqR635CkKFvWpjxvlD3tookEvfFAAAAAAAAAAD/AAAAAAAAAAxSZXNl
cnZlZEJ5dGUFAQAAAQ5SZXZlYWxlZEF0dGFjaAYDAmlkAYRxDZMsTvTDtwhLaYuw
h3ApfjlkJH9Fkdjag23Rfbo4CW1lZGlhVHlwZQFCMGGFiMjUqxQmQMf9yRcszdD/
EP8Nk4AARHyImt3MeQRzYWx0AAAIDFJldmVhbGVkRGF0YQUBAAgAAEAAAAAAAAAA
AP//AAAAAAAAEFJldmVhbGVkRnVuZ2libGUGAwV2YWx1ZQGmjDCRR0vKOsJijMeV
RI0s3arFFJ8FM5Wr9jxVYQcXJghibGluZGluZwGFuPgru/Skpg2zvz9FuA+UbniD
w61SbZP0b6MBqG5H2gN0YWcByY+aqcMGSxr9/Wcbl7wq/P5MaI8fc8gt63Fv52mb
Iq8GU2NoZW1hBgoDZmZ2AdqbURNYFlZ2kIf7meVWlHI2gNc5DAahzCSYLAVk98zV
CHN1YnNldE9mAAQCAARub25lAAAAAQRzb21lAAUBAAAAC2dsb2JhbFR5cGVzAAoB
1e6SDkmIs2nxalPRB0r7tSP4x1JxHvs2PVZZBeHkFcsBx5im2GM2eEQe2lFuLD6L
vw6osEqAwbcduely5j9x5iQAAAAAAAAAAP8AAAAAAAAACm93bmVkVHlwZXMACgGH
/uJlWIhs6By+hoSzeWMnE2WDxbZoAV6LFBY2sUSHuQE4yhTghSLH4zmCRpSyw5lY
dVOm6MoMDuHolYm6iXcb8wAAAAAAAAAA/wAAAAAAAAAMdmFsZW5jeVR5cGVzAAkB
Ru3mwwgc/bjmV6QqXODGCIR//B++Xna5cXSpyvWJWc4AAAAAAAAAAP8AAAAAAAAA
B2dlbmVzaXMBq0L/CsSQakUQ+FRfBiQqTQmMkFVYs9PbNyxwjFngTEMKZXh0ZW5z
aW9ucwAKAWR1HkKpFaE8QxGC1f+G1RzTRHCjkOFK7KBQzDpTb0jeAWa0l4SPxHk5
YN80kut2EpCzDqwQ0T03VC1SZBEIlFBxAAAAAAAAAAD/AAAAAAAAAAt0cmFuc2l0
aW9ucwAKATRSD64TlhpevSn8ESM/hU7yEDgEf9QEvt+hRtkWpTJoAb3Hb3jKPeXf
fjyqlPRRlJwtFTWHgF17yuikWotJ8QF/AAAAAAAAAAD/AAAAAAAAAAp0eXBlU3lz
dGVtAkM0A5TYGzDiUiiQJh7zb/n4qDlRkfULaV4jKh6zt0HILkdbPnPJ4CJtjiwn
uhSzqiW+bSj3R34s/YxNKF4Y7FYGc2NyaXB0AcYYY3tnTQy0vKnAQ11/MmKDmHhz
dCdD0TflRPu6EtBMCFNjaGVtYUlkBQEABwAAQCAADFNjaGVtYVNjaGVtYQYKA2Zm
dgHam1ETWBZWdpCH+5nlVpRyNoDXOQwGocwkmCwFZPfM1QhzdWJzZXRPZgAEAgAE
bm9uZQAAAAEEc29tZQAFAQE9v1bS7o20MOova/O7am6xwblRSrw5Zad1j4BYB5yP
ugtnbG9iYWxUeXBlcwAKAdXukg5JiLNp8WpT0QdK+7Uj+MdScR77Nj1WWQXh5BXL
AceYpthjNnhEHtpRbiw+i78OqLBKgMG3HbnpcuY/ceYkAAAAAAAAAAD/AAAAAAAA
AApvd25lZFR5cGVzAAoBh/7iZViIbOgcvoaEs3ljJxNlg8W2aAFeixQWNrFEh7kB
OMoU4IUix+M5gkaUssOZWHVTpujKDA7h6JWJuol3G/MAAAAAAAAAAP8AAAAAAAAA
DHZhbGVuY3lUeXBlcwAJAUbt5sMIHP245lekKlzgxgiEf/wfvl52uXF0qcr1iVnO
AAAAAAAAAAD/AAAAAAAAAAdnZW5lc2lzAatC/wrEkGpFEPhUXwYkKk0JjJBVWLPT
2zcscIxZ4ExDCmV4dGVuc2lvbnMACgFkdR5CqRWhPEMRgtX/htUc00Rwo5DhSuyg
UMw6U29I3gFmtJeEj8R5OWDfNJLrdhKQsw6sENE9N1QtUmQRCJRQcQAAAAAAAAAA
/wAAAAAAAAALdHJhbnNpdGlvbnMACgE0Ug+uE5YaXr0p/BEjP4VO8hA4BH/UBL7f
oUbZFqUyaAG9x294yj3l3348qpT0UZScLRU1h4Bde8ropFqLSfEBfwAAAAAAAAAA
/wAAAAAAAAAKdHlwZVN5c3RlbQJDNAOU2Bsw4lIokCYe82/5+Kg5UZH1C2leIyoe
s7dByC5HWz5zyeAibY4sJ7oUs6olvm0o90d+LP2MTSheGOxWBnNjcmlwdAHGGGN7
Z00MtLypwENdfzJig5h4c3QnQ9E35UT7uhLQTAZTY3JpcHQEAQAFYWx1Vm0ABQEB
ovrqnnBcnJHM291G7Y9w5Y71FIM+yD5cZLVqW8NTrbAcU2VhbERlZmluaXRpb25C
bGluZFNlYWxUeFB0cgQCAAdiaXRjb2luAAUBAsIre2rJPE6lpvv6/FqJcOpuDjlX
p/gPPUemc5UoBqyqfrX4M3yRqm+4vZW7u8v14cUliUXSEXbaHtTcjMUxJWUBBmxp
cXVpZAAFAQLCK3tqyTxOpab7+vxaiXDqbg45V6f4Dz1HpnOVKAasqn61+DN8kapv
uL2Vu7vL9eHFJYlF0hF22h7U3IzFMSVlG1NlYWxEZWZpbml0aW9uQmxpbmRTZWFs
VHhpZAQCAAdiaXRjb2luAAUBAsIre2rJPE6lpvv6/FqJcOpuDjlXp/gPPUemc5Uo
BqyqDFBskkmcWPMvLuwsVLjXFmu8mBTsPpkCRT1xLrphCeEBBmxpcXVpZAAFAQLC
K3tqyTxOpab7+vxaiXDqbg45V6f4Dz1HpnOVKAasqgxQbJJJnFjzLy7sLFS41xZr
vJgU7D6ZAkU9cS66YQnhC1N0YXRlU2NoZW1hBAQAC2RlY2xhcmF0aXZlAAAAAQhm
dW5naWJsZQAFAQH59KwIZq5Bd2bU/QwRfQSx2VT9DmdeEjtiBOtxT+nlRgIKc3Ry
dWN0dXJlZAAFAQJDNAOU2Bsw4lIokCYe82/5+Kg5UZH1C2leIyoes7dByGsEoxSe
ppUAFmef7wK0qyT15reKZMjZ0L1l/NejWE6NAwphdHRhY2htZW50AAUBAUIwYYWI
yNSrFCZAx/3JFyzN0P8Q/w2TgABEfIia3cx5ClRyYW5zaXRpb24GCANmZnYB2ptR
E1gWVnaQh/uZ5VaUcjaA1zkMBqHMJJgsBWT3zNUKY29udHJhY3RJZAGfCCxJOsgC
orrF3dwLInwgr5TUaMRIzxpaIeC9wvU6Mg50cmFuc2l0aW9uVHlwZQE0Ug+uE5Ya
Xr0p/BEjP4VO8hA4BH/UBL7foUbZFqUyaAhtZXRhZGF0YQAIAABAAAAAAAAAAAD/
/wAAAAAAAAdnbG9iYWxzAaIzyegoTsx1mPwGOec00MsCjEss3ISRPpnZqkY+JNZS
BmlucHV0cwH5eE2gtkPeOXwe2VeNM4w30RzL4krB6KeaTOTV/Bgnqwthc3NpZ25t
ZW50cwHi8tuzmTSI9GNgcXARevZlWteS9+UM2b3VyT4M4euxIAl2YWxlbmNpZXMB
3YVmAG9hZBEU7o7x16r4CbMaJLCqJ6mbsjDoqs8pR00QVHJhbnNpdGlvbkJ1bmRs
ZQUBAAoBlcjmeh51Yl/UllVCapHrfkKQoW9amPG+UPe2iiQS98UBpabUe56ieBkX
bm3T8ilmk3bA/g7JVbTE642QUrgULJ8AAAAAAAAAAP8AAAAAAAAAEFRyYW5zaXRp
b25TY2hlbWEGBQhtZXRhZGF0YQJDNAOU2Bsw4lIokCYe82/5+Kg5UZH1C2leIyoe
s7dByGsEoxSeppUAFmef7wK0qyT15reKZMjZ0L1l/NejWE6NB2dsb2JhbHMACgHV
7pIOSYizafFqU9EHSvu1I/jHUnEe+zY9VlkF4eQVywE2wTSh+qCBE6fdMIA8XrDy
wv3aFLDVo9aTw26eDzKqeQAAAAAAAAAA/wAAAAAAAAAGaW5wdXRzAAoBh/7iZViI
bOgcvoaEs3ljJxNlg8W2aAFeixQWNrFEh7kBNsE0ofqggROn3TCAPF6w8sL92hSw
1aPWk8Nung8yqnkAAAAAAAAAAP8AAAAAAAAAC2Fzc2lnbm1lbnRzAAoBh/7iZViI
bOgcvoaEs3ljJxNlg8W2aAFeixQWNrFEh7kBNsE0ofqggROn3TCAPF6w8sL92hSw
1aPWk8Nung8yqnkAAAAAAAAAAP8AAAAAAAAACXZhbGVuY2llcwAJAUbt5sMIHP24
5lekKlzgxgiEf/wfvl52uXF0qcr1iVnOAAAAAAAAAAD/AAAAAAAAAA5UcmFuc2l0
aW9uVHlwZQUBAAACGlR5cGVkQXNzaWduc0JsaW5kU2VhbFR4UHRyBAQAC2RlY2xh
cmF0aXZlAAUBAAgBKWYu7v5geWxwu1p8bY9yjOjqS8tT83pMy5WTaAianu4AAAAA
AAAAAP//AAAAAAAAAQhmdW5naWJsZQAFAQAIAZmUpYq9HTxURS8puuVJzQCX5yCU
lL9nR19Iasos+FYXAAAAAAAAAAD//wAAAAAAAAIKc3RydWN0dXJlZAAFAQAIAVmi
Uc2N5suJJETtz3Vbsaql3Bw/2sE0zWwlNtX2E4rCAAAAAAAAAAD//wAAAAAAAP8K
YXR0YWNobWVudAAFAQAIAfvMF3YVORemNKbhvuAe3SvcYr+viVrldTly/ypBl9iA
AAAAAAAAAAD//wAAAAAAABlUeXBlZEFzc2lnbnNCbGluZFNlYWxUeGlkBAQAC2Rl
Y2xhcmF0aXZlAAUBAAgBmOYI1Sm8PzDOT0yqAKws50f+zzpC7HKyCoLAvgITAokA
AAAAAAAAAP//AAAAAAAAAQhmdW5naWJsZQAFAQAIAQEKBzIpSOEAza9OwAD0KkRK
UEetGVoIsSukZ1qhD07BAAAAAAAAAAD//wAAAAAAAAIKc3RydWN0dXJlZAAFAQAI
AT7cnXA0Q+QG4OoHXUODL82vX8tU87SAnWm77X9gpEGjAAAAAAAAAAD//wAAAAAA
AP8KYXR0YWNobWVudAAFAQAIAQ/5o2NsY+SSqilwbvng2u1Ptke5XvuqO+l1s0YT
DPZ8AAAAAAAAAAD//wAAAAAAAAlWYWxlbmNpZXMFAQAJAUbt5sMIHP245lekKlzg
xgiEf/wfvl52uXF0qcr1iVnOAAAAAAAAAAD/AAAAAAAAAAtWYWxlbmN5VHlwZQUB
AAACCVZvaWRTdGF0ZQUBAAAA

-----END STRICT TYPE LIB-----

