-----BEGIN STRICT TYPE LIB-----
Id: stl:w_Ksa~Fy-cqURYmx-8ve0xzB-LSPh_ZM-pnVta9N-wFdJuxA#hope-gong-pedro
Name: RGBCommit
Dependencies:
	Std#delete-roman-hair,
	BPSeals#balloon-oscar-george,
	StrictTypes#henry-heart-survive,
	Bitcoin#signal-color-cipher
Check-SHA256: 89c1109048727f1a087553ca086378ac7e3ab4cf7eecba09aa690c35c5b9ff9a

2~tNwLvL+uX><gFiR(=d3vg7gbV~*3!PlK51EySK%g?1}nECovJTYnmQ*>mfM)c|rOrSAqOFlj|?PZGn
7*@S>vOg%-GTKs92V@urLQqp>VQh2ho|5M~K$m}!eub_$g}*CJIJdNZ+@c}}C`8q6D?CsOQ*?4^V{}w`
aAkA#Y!hN5_Bp3Y36tDMM#=e#tGI($UA5U3KNx<*C>ja}LTPkkZ)t7>2SQL&WnpY{1OO}pjYvyJ^#nX;
x^@N4Cyn<TjPD;pQooKNI$rBo>`)CtY-w&}Q)OXnRCsA*Xc_Cg)w39@m$R6qOEzWQ+NTC@=;<Wq17N9?
v%LmR3R7ica%FT=WnpZmsPef35>JJaHJF7}X$37Y21E`BySDf%$MYb{T~|g9LTqVnWK(5fY*ctqbaJuf
I5`vwIKJ?28qdBQV5M*2;q-lY2q<~K(fZR6A>9R3cu;h52SRCdV{d700stZ7K10Q-T=FR=Q=>S+XYD&<
oK4xzy{V5hX&1W5Lv;jJZ*_E|f<p7l*U`|S655U7U@unG_-_ux#CFBNXjx241Z7qPRCsA*15<Ql1OQ0B
BNr;@ghiU?gEXK9KMDE{F?;HZBRuDVqlk6qmbeZ<b7N^~P;zN*bYWs_WtGFd$xQ-a`EhCyJoZT~T}~sI
jxz)>1<E$sZEo&ov<^XRaA;vpb!|*<WMOk?xr2V^K(3M#+UqoAlKrJ#Ah@D~Njwy|v&?kIorn3a4?%2j
XkkNPaC1y=WMOk?(LD^qDjThOoUD3@_&O-QyKhbjQPA7S3-rijhpe*R5J7BkXkk-rVQg$nZ)9O}XbV$x
a%p39RC#b^a{~Yyv{(W1V6JV*{3!yZ{M3XW@z+p<?Hl01LM?X!H~4Z1MrmbiWKLmiWm6UigcQkwbf~^M
){{|8P%hsRk~m~ep32F151Y4WWC&DwaAi(mZDnf&qZFQ|l>ioJpYH;+t0eX2w~A!Q+0eaZ{MVycPK^aq
Wo=1hF#sV!b8~5DZbo%(XK7+=Wm9xvbY((pX>MdwWnpYocu;h51OfmEa%Fa9VQgh&00sgCb7f&{0;fjw
>JLnyF>6acJ~i!Siv1W?y>zlaDAzLDQd9?I7^kT6xdReUg_1Rxg;i+<Einc}4hXxp_$$ZrAj(}=Mg?<p
VRU5ya8s&1i~(KPc+oy|5YcifETK|4Gx3F{F4yC1Gh5Pk0Sa?vV{&D5Q)OXn00sgCb7f&{0;fjw>JLny
F>6acJ~i!Siv1W?y>zlaDAzLDQd9?I7-$*myw$T9tCzEwrAszt-P)%HZ|LbH=L2A=l(W4CP6cyxVRU5y
a8s&1i~(KPc+oy|5YcifETK|4Gx3F{F4yC1Gh5PkAVG6;X=iRmb#7;AVr*qobYXO5LTqVnWK(5fY*ct@
WCQ{L2y$h1WnpY(WB>*N1aoC!Yyzi7^y&{xpfPJpK0Y<=Ws3b6R=sqxKPcBS+EP>pWEd<1jYvyJ^#nX;
x^@N4Cyn<TjPD;pQooKNI$rBo>`(=BbYXO50dP~QJ&XZe*m%)CbP&;UDlDN=IWzHvrY_gxY%^QZcL54>
Wn*$>bW>$vYybuV1aoC!Yyzi7^y&{xpfPJpK0Y<=Ws3b6R=sqxKPcBS+EP>pWEf}}>%7&o7^|1Fn59cL
W!>7R25;!;B<BNQsg$$522KTYbYXO50dP~QJ&XZe*m%)CbP&;UDlDN=IWzHvrY_gxY%^QZcOpS^b7^O8
Q*?55V{~<LWn@HQbYVhlX>MdwWnpYocu;h51OfmEa%Fa9VQgh&00sgCb7f&{0;fjw>JLnyF>6acJ~i!S
iv1W?y>zlaDAzLDQd9?I7^kT6xdReUg_1Rxg;i+<Einc}4hXxp_$$ZrAj(}=Mg?<pVRU5y-xZ2WcZk9Y
pN?HoE37)V@UaB=xfkD;^Zy-df?{(#0Sa?vV{&D5Q)OXn00sgCb7f&{0;fjw>JLnyF>6acJ~i!Siv1W?
y>zlaDAzLDQd9?I7-$*myw$T9tCzEwrAszt-P)%HZ|LbH=L2A=l(W4CP6cyxVRU5y-xZ2WcZk9YpN?Ho
E37)V@UaB=xfkD;^Zy-df?{(#AwhF<X=iRzbaHiLbairNWJF<fVM1(aZe&wsVQf@*X=DTf00?qrc4c8~
Wn=&b0t9nqVQd1YM)c|rOrSAqOFlj|?PZGn7*@S>vOg%-GTKs92V@v51C2;aNA(0eXS#L;%_oib8;tKC
LQ=nuAv#{`SnN;*b97;JWdYw6ic5Eh!U~^`T~RBnI=Aq#1o*iZ-<R|M9czMOb36eGb7f<4Wpq<zVQc^f
0t9nqVQd1YM)c|rOrSAqOFlj|?PZGn7*@S>vOg%-GTKs92V@v%8SA{&vly$FvzVnzHf7z~rv`86=_Ka^
V5yX|y#`JNb97;JWdYw6ic5Eh!U~^`T~RBnI=Aq#1o*iZ-<R|M9czMOb37_Rb8~5DZdPSuL349yXKqGy
Zf9v?Y-Lk)VRU6eY-w&}Q)OXnRCrKyas>eZ2myv`n7VI@{wG`9DTmNl&mEmXjREG}ON9t%?$wbAJd^<d
000000096000000001dLb8~5DZdPSuL349yXKqGyZf9v?Y-Lk)VRU6eY-w&}Q)OXnRCsA*1pxpE0XPo$
43b=^HcF=OzQvLa_D52JIB_Z?t+_&_)kVlJ5di=I000000RR600000004qUrb7^O8R%K&Bb8~5DZc}t}
bz^jOa%E&hVRT_aY-w&}Q)OXnRCrKyas>eZ2m#KF$&TIzZZ!sYHp;}n^!M$4P3<SF|2i=3kBkylhkF44
000000096000000001gMb8~5DZdPSuL349yXKqt;a&=>Lb#i57L}7GcLTqVnWK(5fY*ct@WCZ~L2mxUh
EZZtf=>3rT^b18dr4}$=B4vfEp+P~VjQ#Zjt_1-A000000096000000001UIb8~5DZdPSuL349yXKq$+
X=GD$VRU6eY-w&}Q)OXnRCrKyas>eZ2mu)@`bp7b7}p@jt$c1>Y&)x;l{?fgTy9Yg2OLfE+l&DK00000
0096000000001RHb8~5DZdPSuL349yXKq$+X=GD$VRU6eY-w&}Q)OXnRCsA*1pxpE0iaSbQa$WiQLrw+
HljZgruH)j!GWP=tMpo04<Bq={{a91000000RR600000003AVdb7^O8R&Qx!Q*>c;WkPIeZe&wsVQf@*
P;_zx0sshdWp-s@Y-MBs1_A_gWnpXrr$+SZ4@{sjYfC;pHSJ}J{TNogbh1Av*D~5tR0m`jr>OF|0}@Y#
k~NrxRcQq+F$P2q2)nlUE64L7%3W7R1#@&^bY%f9vZekPz%WEGnBZKS8(M7E9_@AwVcyGtCevi|7U8=A
3Ug&+a%FT=WnpXp1_A_gWnpXrr$+SZ4@{sjYfC;pHSJ}J{TNogbh1Av*D~5tR0m`jXc_Cg)w39@m$R6q
OEzWQ+NTC@=;<Wq17N9?v%LmR1#@&^bY%f9vZekPz%WEGnBZKS8(M7E9_@AwVcyGtCevi|7U8=bL349y
XKq$+X=GD$VRU6eY-w&}Q)OXnRCsA*1OfmEa%Fa9VQgh&00sgCb7f&{0;fjw>JLnyF>6acJ~i!Siv1W?
y>zlaDAzLDQd9?I7%T&gNJ~fc1UzTDb_LBRjrSXj?;k=^zm6d~Uh7!wPz7^zVRU5yF0!Tm7r-z?Fqq(6
n;Tke)*kJ44PoBPfF{#q^A_Q|0Sa?vV{&D5Q)OXn00sgCb7f&{0;fjw>JLnyF>6acJ~i!Siv1W?y>zla
DAzLDQd9?I7-$*myw$T9tCzEwrAszt-P)%HZ|LbH=L2A=l(W4CP6cyxVRU5yF0!Tm7r-z?Fqq(6n;Tke
)*kJ44PoBPfF{#q^A_Q|5kYfvX=iS2Wo~ptWprU_Y;y(!5N~&GWn@!yVRU6vV`yb<VF5^*-L;RZTl?<r
nl%z^+>>SKenA+;cP=FifXbr)e?kOqVQpms>7J73J3yCzk$#1)IEB9}O*pr-e%zuW2Pj0<ZYw-c8?;yf
@?frQ$owe+rTo-{AMw{vgzX#P!9p!}0yp?_5oBd%VRdYDRB~Z%b7^#GZ*BoJQV*^ZmKt8YDf|&5KZQ>6
5I6*X)C9iYp+?yjr7~y^L349yXKrm}Zgf<6aAgGn0006RL349yXKrm}Zgg`(Y-w&}Q)OXnRCrKyas>eZ
3IT`y;$>KfZ0H=mhJ>?uV<!`3gT=OJ0bYv~7B;a&hq(duREj#Zr$dAbY+doLIC@;3AhVfx?^Q?*oIb=v
AX~-&0000000030{{R300000OL349yXKrm}Zgg`(Y-w&}Q)OXnRCsA*1pxpG0f+wLWmt%8=p4R=gtK{L
Clh6Z#kObxUW*hKHnBv9xdHgUx{42xJSvr79!NIt$!^OW?k)+fD=<ehLzvWv9IyZY000000096000000
000O>Xklq?PGxih2M%IsbYpL6ZcSlnZf<3C01skmbYpL6Zd7G+bZ%vIGXW1`X>?<6X>L?yb98QHbTk4D
Vrg_^Z)t8*X=iR_bOR1zX>?<6X>L+wXLMzAbOa4-X>oOFWKCgdZf<3C1r2Ozadl~ARAqB?Ze?@^3PW#h
baG*1bV+0d0RRU806-uB14d?c1pxp60u4rWZf9v?Y-Lk)VRU5$0RR992S;UYWpinB1_=XZW_AJEn^6;3
7FKqUhx?i3R+Mr!fY&(;2BFL(m@EZk_srD@b7N>_ZDC1d0hChH+XJhss8OG%_CC-Q>(otsF+cqN0Qy}d
dQ=3E5D9c?ZDn(GVQp{#07wRDb8~fNasjsJfQB3>bs~EXcCXx(drQcb3B`Fx$)^%va$Ar)C7cLjXklq?
PGxiftsXy=AYX8dDQEQRO5D(yMKm~r|3!X*hx(?lDDx}U6LV!@Y(s2sb7^j8Q*?4+bY*9G0h%q;z`x)s
Sf3Z(2eI_JHZ((SFcY<aGZ4$NvrJOSsR(UlbYWy+bYTJYdQCW4e)%xftOSp9TD)g5B;KO;Krzd=y+`rt
_<1!4XKZg`VQg~&3%ZFJ+-I6-Y(W*G(@Inp;G+ceiQd@j5lBF$K1e7r3t@9}X=iS2Wo~qH0g>)Ilj-k!
|1*2$!tQ@{(#!VK)HH;NfH!Oz>RYeHtqn(IZe??6b5mnzWo=;w0|;$pbYWy+bYTDq0d?d}_}|Wp0vpvv
$c&#PW69R$ltr%da5t5w^x+8!q5uE@000000RI300000000(DmZ(?C=a{vkf)$WoGNr<y)@oH1i2TJ?3
BlyQsaUT0NJyux-;p7#|0XD%jq57bK6Q|uUfIMEX^1}Vv6tLB!)|10-o)0prc>n+a000000RI3000000
01IJrb7^O8ZDnqBa{vkfhyLPaScq)s9KMExvw34D6J>+NwrBxfixd_%u|$Wt0XD%jq57bK6Q|uUfIMEX
^1}Vv6tLB!)|10-o)0prc>n+a000000RI300000001ZcMZ(?C=L}hegX>4-_0ug6yZ(?C=Q*>c;Wm98l
Wo=;rc9`Q{>*YiE5tb$Y2vUw~^w5s+eR_{-?oF}sQU^t*1a4t%WdiA*lIJ@>mw%Cdg|0Y-zbj2Rx3qrT
q9O+<MAdF9JWw07SOM~2u5HNtDFUVZ)Px`L*HDD*8{ol0Eq4Mp_;L$JY;R&=Y*Tb$bY%qr015%s?vf5k
h_h+&YE#h%O8d1V_{UOl9{V;uR#^q%<Q2;S$kO^SU9pGAXKok-s}z-*dyG7@+lkzm;d-NzkWF@m00000
00000{{R30000005l3uqVqt7kbYXO5Q)6glZD9ri1#@L>Nn`@)o|5M~K$m}!eub_$g}*CJIJdNZ+@c}}
C`8q6D?CtZ1fvw5rj-B|XP@r^w5ufb=C_Ju$l1`nW&GEpSWb-yZDDvxbY*RG0009IM{I9mVQf=$VRU6w
d2nR~0RR933`cBlVqt7nVQh6}a|Hna2m#*}ic5Eh!U~^`T~RBnI=Aq#1o*iZ-<R|M9czMOb36e600000
0096000000000O{WMyu2X>@r70RRO80)mO_O%DrjRIhYP1?a)oog)LLTw}}6rDvG=`c^zKYDm5#7b@t4
MVjY>G@u4Q3HlB(d+LiLJm-R=h;`?dxBv(Of{E)*4-0TquXIZV=)u>WBLk*fW6RH_XPEi=Ry;9kNWLQ%
D(Hkon&*Qwpawq)`VKLB>Wd>h=Ype%b?2720000000000{|^8F0000021#ykb#!wD0RRaBlMuXsu{2tX
FT+?;?hj39&>gq>HOrf1lB-q;n)I5N0RR9100000|Nj60000003r%HoVMJwgVQFl01_A|hWo=1h0_mQT
=Q}``f02HLt~iCiD@{1Jw0_*8A_pi$)ov?1P-_IE6rQG)02XJT?*g=|B=zREie$*y(7k2+*P~cYjRbCC
ZDj)Ko|5M~K$m}!eub_$g}*CJIJdNZ+@c}}C`8q6D?Csev{(W1V6JV*{3!yZ{M3XW@z+p<?Hl01LM?X!
H~4Z0O=WapRC#b^1pxp60troJbYWIuY;|P?0RRX906+i$000000096000000000P0WprU=VRT^y0RRdC
b>vO>-_DBy8`Vb0jGrW9$=2qSMXvL3H<hRK;Ry+%0Td-Xj!?y>j|<WBHK;OvMz*jk?pg==#Fawo*D#!W
FaQ7m000000RI300000001HoJV|8+JWo~0-a|QwfZE0=*00IMTVR!%l0t8QRNn`~900#g7Kp+4GPjGK_
bOr+gZ*T#X$mV(;bz)!CmQ_M(k?Vd!kfCo{nDM?)_qK{868FUdba?@X{^Dg=h-~N_zJ`Red1EINWrM}G
XaQb}6c#qIM2EQoZf^hp0uWDkZe?UsbYXO5Q)6glZD9lh01ISgV{Bn^VRUJBWdHyG0SIPwZf9v?Y-Iod
00IhgbaHiLbairNWB>&L0_mQT=Q}``f02HLt~iCiD@{1Jw0_*8A_pi$)ov?1P-_IE6rQG)02XJT?*g=|
B=zREie$*y(7k2+*P~cYjRsR=Xk~3-1_%RYW_AJEn^6;37FKqUhx?i3R+Mr!fY&(;2BFL(m@EZk_srD<
ZeeX@0_mQT=Q}``f02HLt~iCiD@{1Jw0_*8A_pi$)ov?1P*WBNgcQkwbf~^M){{|8P%hsRk~m~ep32F1
51Y4WWC?9$bYWC^aAk7<3ITQGP59r=ivk<fM#zkxBxA|e=9ERQ^Kdtnr}W_o38Ddn80U%mP8$TM<>U3Q
f4cdUdGS4#Tk(yYN*ff#-&-~S0000000030000000000BXKZg`VQf@+aAk7<3IWybk`76TvuW{aQ_%-X
`?VwZ$5L?~`!+pRSq0(b70Uq+w#z7JBTYQ(6wA15KJe33N=y1k%8ssy_EyFtI!|)|000000003000000
0000AZ+C8GWK?-@Wpe-u0f+wLWmt%8=p4R=gtK{LClh6Z#kObxUW*hKHnBv9xdFK%KKY6{y^9(U*_!W#
CeCf%@U$Ra<Ol!|(ID1vMehIr000000093000000000MPWo~72X>$QlHXZNo_Yhhx0Be79xh+o&58gBL
g%$F9MUi-9%UHGxbaG*Cb7^#GZ*Fq{3IQ}y53UoI8eY9A{1GERg--GiI0S#x1is&)M%fmnGH3xyy008h
Gn{|Lm}w#lgp0VE^~G;M6*q>|HOcI}fxVUh0000000030000000000HWMyVyb!>D&b8~5DZf#|5bN~bb
00eGtZe;)f009JZZ*64&1pxtv{^Dg=h-~N_zJ`Red1EINWrM}GXaQb}6c#qIM2EQuQ)6glZDC1d1pxpD
002NB025PXVQfQeZ*ysGXH#@?VRU6@c>@6wW@&PBbWd<{Wpqz+RAF#(Wpn@zQ*?55V{~<LWn@HQbYTSn
00;m8KmY&$000000RR6000000018xcVQzD2bZKvH1_%RYW_AJEn^6;37FKqUhx?i3R+Mr!fY&(;2BFL(
m@EZk_srD_V{dMBa$#e1Nn`<^2rNlD$O59e#ogQsB77jPl+<X%NY5HtA>h5j^*S;IZf|a5WdHyO4s>#1
ZgXjLX>V>+d2nR`G*S<)6P6lYy(#<=BR_>s@(?%#f7ArN-=Rj?7Ns(12yJC_VPs)+VFC4eO*mP8`7qV2
1dnrCyk{{a-lF$FG0V5TNAc?Tc{K-TY;R&=Y;yq%x``RwXPRhiK^3CYN>mo$qXhJc-q`CANI<4ONGLG|
X>M?JbaMeV21}DyAtKyJp!y-llj5_1lAj$w(~~K8Zku<N@hV~qVRLh7XKrm}Zgg`2f#@(`J4~+JzoFZn
)Hc{aq9`I)Nf;h&Ur`}gWP!)H5ma(vZgXjLX>V>sWprU_Y;y(z5Oi{3ZgXjLX>V>*V`yb<VF3<9pYtXK
8Fh;>vg<Qylj2@8u6)whZE^Q$9dx&b@1X>4VQpms>7J73J3yCzk$#1)IEB9}O*pr-e%zuW2Pj0<ZYw-c
8?;yf@?frQ$owe+rTo-{AMw{vgzX#P!9p!}0yp?_5L9wuZgXjLX>V>*V`yb<VFm>VZDn*}WMOn+00{wg
<W2bB&Wi#Y)kesSpCn_+*5;H&uJdp=m8bOK2??SA00000000300000000007XKZg`VQg~%3IWybk`76T
vuW{aQ_%-X`?VwZ$5L?~`!+pRSq0(b70UrO!8D=zpn(&o-7tVWUa<1Q{n`|;)uYyv!)~4rGOBq100000
000300000000006X>M?JbaMa-0f+wLWmt%8=p4R=gtK{LClh6Z#kObxUW*hKHnBv9xdAr8G@<&SffJ|Q
Fn~N>u=2wF+7z(Wqt=tdZk`V^s(Ana000000093000000000YNb8~5DZf#|5baMa-0f+wLWmt%8=p4R=
gtK{LClh6Z#kObxUW*hKHnBv9xdAr8G@<&SffJ|QFn~N>u=2wF+7z(Wqt=tdZk`V^s(Ana0000000930
00000000PfWpZg|X=QQ&ao0!7eG&w_){??`5buAwtLKE%n%_j}gtcIo&2Szu4peesZgXjLX>V>+d2nR~
0RR938dQ03Wn@8fb7^O8b3$xsZe&wsVQf@*P;_zx0{{zTWn*k%a$$67c4Yts0RgFF4!*=TQJn1}N&IfK
W!K0Of88dSS6KW9oA>I29k>AqW_507X<}?;00jX7B7Q(M`BG5_r8gUX$GAUK#)*tSP9ga~G=;toqhtCn
0t$0<a&=>Lb#i5700jX7(YFK^gf+ruNn$z`f_zCp020XsVI52xBP)L?VfTbu8B}?2Wn@8fb7^O8b3$xs
Ze&wsVQf@*X=DTg01ISgV{Bn^VRUJBWdH>M0b}fnr?`i>a@QBPVB7I2FGskv9V4tKJlspfzkCRxdI1P#
b#7;AVr*pq1pxsA>q2v9mQB<AwUM9Hlt0Da2g+k%a7vS?xs*^ib^1pF3UhRFbz^jOa%E%y1pxuZB(lfb
j6QVFO>pbkcrcQ|w?dRkcLd_#xOXiYF=L1bR%LQ&W@%+|1OxyCZf|a70000124!(mb!~G11pxtv{^Dg=
h-~N_zJ`Red1EINWrM}GXaQb}6c#qIM2EQo24!(pVQg~%1pxtv{^Dg=h-~N_zJ`Red1EINWrM}GXaQb}
6c#qIM2EQp4P$6!V{21sXGLRVb724l0s+<Tk`76TvuW{aQ_%-X`?VwZ$5L?~`!+pRSq0(b70Us2<W2bB
&Wi#Y)kesSpCn_+*5;H&uJdp=m8bOK2??SJR&Qx!Q*>c;Wd#8M000

-----END STRICT TYPE LIB-----

