-----BEGIN STRICT TYPE LIB-----
Id: stl:bXLp49bi-59fV~Oy-.vzNYUR-AHHJtJD-HRrejYO-E41kd.A#hobby-salmon-sample
Name: RGBCore
Dependencies:
	BPCore#russian-granite-campus,
	FiniteField#tomato-jeep-thomas,
	CommitVerify#escort-between-doctor,
	Std#ralph-blue-lucky,
	AluVM#yogurt-cricket-frog,
	UltraSONIC#wizard-volume-arizona
Check-SHA256: 05174b02741e44203b661c1f0ccf73d2ee462158c3866d21e24ea170b54015df

2U15uLvM0r1_N>G=NJcTyS9XqSIGL(R-c<xx#WBeN-($YG2*zCOa?+wLvM0rTwqH?1EJaYhZ-VSqr`_#
HNv?aHsw2yBkge(6C9qM3r1;fX>?^qX=Q9=w_I?;0yBOH^mF6?Djz6lx~sMot1;YamDqZyx)9*`3`1{i
ZE18?WpZg|dCDvvZ-bfLFbqC#o>4E?M+l67UG^w8*<_XZ#%uyqCj(P-WX?sj&!9;=!01v0c<db?J@;Z)
RCBR<VjTWw6i<vsAq7EfbyiK!k`TY#US(XV^I9=AU+r5{NqYw?)`$oC+WhC@KRvk$Rcv%}VN*{|Nkaw&
L2PwaO#=X@FjWFA`CQ2GiK9iLKbGE6DZmrA4)G`0A&^0p`%?-9Ole|CWW2$uh%&@iNdkt*sD1d-UnR%G
O!O(#@Cz3KlqQ)dFA76%a%DqrZf0p`*7My#T6183ELud{7pMT5X<Sij3-=b*lNKNY2tkgc2TW;VQ)zT%
20~CnZ*pY;04}!>CAn^87TS9h9ibhaZ&^Bcn*B*;w|~I;-PD|t>jq6_bZBp63`1{iZE18?WpZg|c>@5G
*W#I-K~=Jkeyg*XDu2kLxqae>+`F7u_OMNM^M~sXQe|^xa&~28LV0v$b1^f^xGg*8X!CPrawgw_sqk4B
X8}k^^xj-FXm+)yumJ%MQe|^xa&~28LV0v$b29#d7D?ZDzCQez5c=X9w<(f6`q$DH-G17V_XV{1(H;&`
Wpib6c4cHjd30rSI15H;ZfSI7MrmbiWB~wTv)RI5RcTI8F*Qa@5|yn5UkkW4IuQ#%zC$2c?{v}yMrAQF
I0I93WB~wSh9c2>uJC38-{*D7fZ(%hZo23R4S;p`Q9JBQllDynLT_(u3RP@$a$!?XPDw)t00|<$Fa1IE
);4_}I`<oixe%voOTpU}aheyO9H-(FX$ezwVRU6fWo&F#5T+!QA5rX;9%5~zKzHgW4zJttXg3R~K>_+w
Q*cfRQ*>c;Wkg|gVPk`-Okf2?0=Ck+)+7~)mzT(BRbEK1v26#jTbbRv7zs~sWpZJ3X>V?s1pOW=(>>~J
NCWGL*g;d++M&*cL)Xpv6~Gz6EP87MPjG2u-(nV5&9MCM(}L&?oV@kbN`or@uZXG--*)VMRKi_s1xapj
b#(MpxdIV-eMXmj1KKu&Ulr;Nz2N|W+_wjE-xp}_t~dolZ)9b7`=!TnV6O;imF~}r{?+EJM?Oy~JJ2HY
it1E&th0d-2t#FTY(ZpXasmJcLU2rBd1Z100sseMX>?<6X>I@o0RjVY>gN~-YrD3Dl2^$3(pI0FRJr7Q
4N5S#?=j-IluRzS5GA>8Wft0d6dj=*oo`t>c$)o5X19O9`rXu=lIsBmY-w?IX=DHe0RjVY>gN~-YrD3D
l2^$3(pI0FRJr7Q4N5S#?=j-IluRzS5GA>8Wft0d6dj=*oo`t>c$)o5X19O9`rXu=lIsscZ*FvQVPkYc
a7<x&WpV}x25ez@WpXhA-BAsNNPrIPEcz?5hJ9#OyACZp>_fM?)0~~gDioHX2Xtj~bZ%vI0?I5NZ-bfL
FbqC#o>4E?M+l67UG^w8*<_XZ#%uyqCt-#n(R;4&W&+>mb;*F>vukd;=m`ygb@x#_>`RmOO$c&jb7gXN
Wn==kTyVnzGkys4bL0OiA1G+LtF{%ZG2CjE*m|hC5a9Wf*W#I-K~=Jkeyg*XDu2kLxqae>+`F7u_OMNM
^M~sMb75?B000OHbZKp6b97;CZ~y>E25ED1b!Bn@2mk>90000000030{{R3000005V{c?-cmmIo5Wn1B
Wn8KAS}`?W?ORhxdj~7lhzI)G{O967J-PH$xdIV-eMXmj1KKu&Ulr;Nz2N|W+_wjE-xp}_t~dv2ZfSIB
VQd1=k`TY#US(XV^I9=AU+r5{NqYw?)`$oC+WhC@KRvl)gQ-kl1w{h3(z@0p6^WOZ$Y@nwNUyPN2eDh3
-Mbh

-----END STRICT TYPE LIB-----

