-----BEGIN STRICT TYPE LIB-----
Id: stl:J61WrKfv-HBO6mFZ-9bZzqau-j!wrLMA-9IgEJGM-hcaprmA#podium-colombo-buenos
Name: RGBLogic
Dependencies:
	RGBCommit#jester-philips-prelude,
	BPCore#garbo-radius-peru,
	Bitcoin#signal-color-cipher
Check-SHA256: 27edb1e36757ef5995caf499d793c4a4ea20560442c55610552b8a84fba54bbe

2vSEvOmAmtV*?I3pd-LAFGbKY%c}Hrzh$q3@Ep~RyV|S#s;8cecBTnZM?ynyZEb0EZyuKUhrL_QB$OCu
+VTUE>b16EcuX?V{EC+7E3Kt-20~CnZ*pbzY!hN5_Bp3Y36tDMM#=e#tGI($UA5U3KNx<*C>ja}LTPkk
Z)t7=20~CnZ*pY?00DdlT>wB!7L}MA7sFvK#<=RP4S#T1Vv-hhTICs&5fM~jaB^jIPH$voP+@X(Ze?;0
wjY>38tto&d&=e<t?OC7vzr3sh4VL=aEO-K69^0oRAF#(Wpq$-Z*OK3#8XmcC%Z%?j5}xa%));D{NyLM
&t4DxfsZeKd)RyrRAF#(Wpq$sbZAg=Z*OKeKVmL%Q_{#Gkvz+H9iKg9-*)mSRaq_gMnjYqO>G4cRAF#(
Wpq+$XJ~Xna$#;`Xh%-ZT+rxDK6vW;JU&?LxLM72H?wDC1Zo}=N}D)4mkLjCa%FT-a&K>D2SRCdV{d70
2LL6j^|=xh7rLW4)L(lQb*FJl;d*r#UC=Q#deq4+>4pnaV{&P5bV7M_WpgpRuIPk`cg3&=F>*1@lJ+pR
DJ{*3f84s>#k$1lf7uIEVQ@}wWMxQUb7)_z*=^-NPQ?`2v5jYd+6t@dEhY>7H!Y*UdZb-BpG^u(WnpGh
V{&P5bfbbo^UK%K(4i9Ajp1M~R@C@!4#dQE#lUD;OiKi1Rs>XdX=JH|gm+V(X#23g?#G%T#8*SXRQUS6
KbYXtkv-?PH+Tw3ZggdGZeeUtYqm29sTjYuk_~RiSfnI}BSu<jKXO9{zyBTAI&*<e$p=hjVP;lka{QvF
D!!5a&4Q@0n2=*4!cKOosx|T?(Q^f3pcpQQSqE58Zfto_YY9?ELPKwDZE17^01m&n?Kom?q=ULN^A!11
b?H{wM>P}NCm0qyW47Umu?kmdbZ%vHb5L({iECIT&Bl;lSX#$ms8AQN7m&qY<e5Qw(E}jxBS#zY3RpvE
VQFqucxhztiLw(#0aXLM3hA##zZw95i--R%+RvH+?}aDv#(shdS7~%^Wpi^+a%2Ml2t;CIP;zf?W&{EO
26SO?a%FS?1pxwY9+vrsy<5&Clo)5)@&l6UwYFh+Ofu5^ik9drt)+7hwjY>38tto&d&=e<t?OC7vzr3s
h4VL=aEO-K69^0f1#fV2Wpn@q0RnFxmidRhTh1hu7-!n@1Cr{swqbZoGSd8tmgp<3rE^D4&s@;xOg?z(
`#e5a?6_IYcQ><VWCUs+6H1#nJC_MZY;R&=Y)^7z1_BLtX>@L7b8|s%V`y)300aU61a5C`WdHyG0R(ez
ZDjxj0RgHurJ<Zyh6w7iBup=sWBu`)_mEFCW|7=9H2!2GEhGbJWOx7o0u5JbbZ%vHb3txnXm4@`0t$C&
bZ%vHb5C+)0uDK#Bfu~(MbI+Ks`PZfWv_$q9Mz4x+N=Dkr=E;<rtpcf6GZ`41H209uSUNb0Dy~!|1R3k
ngQ>HC-KI9f(dtNbZ%vHb4g?Z4mqGBz%VaG&@#)a^mM;vuY>R$)s4H_tNf~`o{V;;iECIT&Bl;lSX#$m
s8AQN7m&qY<e5Qw(E}jxBS#zY

-----END STRICT TYPE LIB-----

