-----BEGIN STRICT TYPE LIB-----
Id: stl:Xl48C7OQ-!diM0pe-di2Evap-FNClN8v-dwJlFVj-DDK!0Uo#icon-passage-bonanza
Name: RGBState
Dependencies:
	RGB#diploma-montana-elastic,
	BPCore#garbo-radius-peru,
	Bitcoin#signal-color-cipher
Check-SHA256: 120706ff1501ffa7172603fd7081b4d850ca5bc9972c944bb9d86cf4ccdeaa55

2vSEvQ*>c;Wdjb?I0;VjxPhubQSq~ayDtYu<zoF26H4ZQc_D-n{ayo7M?!BNmidRhTh1hu7-!n@1Cr{s
wqbZoGSd8tmgp<3rE>;CP(yEWW%X<mVk7oBr%DNv+($;q`HHK!gIHa)*%m(-e#9sm3I{@IbYpL6ZUY8F
P(yEWWdZ;L)ijXnM0JX32^g}aq&*n$Aq+EetlpYi`G;7YBO`qfMR;&*X=7=0Q)OXnRCsA*F1HXRxo%|^
+Itiop&gxXSvq){{YhrGf57_P)SQy*22EvjXm4Z(LTPkkZ)t7<03qW(L&d6G@+l`%qd385?K@+fP1(-9
sgE>i7rMzqbp%##b#$YGLi5Yl(a@n1+Ku60FILp}Zw|!7cE!MGSxid=WmW`Kcxhw<Qb$4;00nd4$xzO!
^w7hb16`x)q0rkjWP;FH9)y-8%N3?sW)VSib7^O8ZDnqBS7~%^Wpi^GL_|T?kxF4?5aPL`!Bz}ZPOo0k
&)X$wQ^3@@RgonbPjz%~b#y^<b7^O8ZDnqBR&Qx!Q*>c;WiGO%{ujV7L@=1(T$>wOY}Ov_b`4?P%YY`+
Wb+o`y9rirX=GD$VRU6Oo>ox?`Aroor<$W|05z3@o%ygg<qMR;{BXa<eFTLGL}7GcQ*>c;WkN7vg^0-1
s}v?c$Nk9{EX~mW5dRI6fB-~%h??EZc?nHrWNBekd2nS-TLZ8P(BXv3rGHFj0R(MAdAZ%oI62v!yKR~2
&CeYiPjz%~b#y^<b7^O8ZDnqBQe}2!VQgh&L}7GcXj3#G4BS)3O?Kk8E~;iP+B(^hzXq!*4!qFzdIL(#
4pL=yWnpY(WI=RvVPj}*M8@<lY6Ut&6%VH7!Yst-dgUyX_y*JrrQC=1b&a49Qe}2!VQgh&Ms;pyX<}?;
gmDd%EKc;pw+KsVi?D}qDSkO*B!5Mb*xG|_(S5o&2tjmoVPj}XWQDl+E4%chrVX>dKSj6?lx}!~!>v+n
lk{(+0jO?A+73c&X>Md`Zf8beV{~tFhyLPaScq)s9KMExvw34D6J>+NwrBxfixd_%u|$Wt4ncEsX=iS2
Wo~p-d2nTkYgi@C#*klFTE}3hP#3Wmki}o*nL&Ed10e7tM;q}9SVL%GX>L?_X=IZSynwMZT8l5kSW@l}
O=!>^xB4~9n`Dx!RtcK)nwJGnaBp>Vlv2~%1FNg3QJ<&wKF}2F)J=UcKm7gx`duV?R0NO^2vcKdWo=<e
WR=L~dLDIRU(}XWLTZugenOC;Z(5k~zEJnJiX;;E#RN}qNo1c0EJ-@Z0;0Ob-P{Wzd?2rs)M&&=&l*}G
;Jw22Ix-4FZ*FvQVPkYjWTuQTkw;6)I>KU%$CX5lEZwTb6rTk%m8<qVRbdAgCJjb)Zf9v?Y-Lk)VRU7-
T9OwrXYMoH19u?fDdBZW6z3S&a&ziLbG4&=Ys$?XPjz%~b#y^<b7^O8ZDnqBQe}2!VQgh&R$**)Wx<)X
1f*k?vhZ<JopmFx>iL-XlN$-gN<IQVZY<W?%^pv6bZ~WaL349yXKrm}Zgf&*c4c8~Wn@8gbYWv?$&Z?;
!v;$l{rzVfm%J+c{!D0(A9Khp>v3=AX`3Ri2tjjmWpq?wXVGUDy+ac4_6daU{%%bk3j+fu`A*2Y1(Gbp
$uTFEsuoy7Xklq?MR;&*X=7=0Q)OXnRCsA*)$WoGNr<y)@oH1i2TJ?3BlyQsaUT0NJyux-;p7#|4@Yco
Vqt7kbYXO5RC#b^|7c^tcv66A`G>fI<D8=tEIK}$!7qz&?F1iH@ntYy3{quwWnpY(WJF<fVFdsWLvL<$
a$#e1NNIC)Z*qAC2MBXxXk~3-Nn`>J)i?=G^0<MjKvD6tg1avVM&)At5fe)0fO#Q=68&D3Qq$W5tE;F{
pQrXd&=l*`O?@#x{Qdy?T_k!`1dtF4V{dMBa$#e1Nn`>J)i?=G^0<MjKvD6tg1avVM&)At5fe)0fO#Q=
68&DE2rNlD$O59e#ogQsB77jPl+<X%NY5HtA>h5j^*S;JXKZg`VQc^j0uI$U2~P63fvP}J@w0-vF9$~D
V*L>lO6GuhA%qhBUe)fB4oQf!Y4K`P(FaQVwIle)QgI&pHa%8Z1>xis%K!=isbkq?*mppt+fsuM6^#O2
oHTpfng}aGcS|kGcFAAz0uI$U2~P63fvP}J@w0-vF9$~DV*L>lO6GuhA%qhBUNW9mQ3m-<6)UHjqig^*
m4co5us7ukl*0UQzs7w8g#Z8m000000RR90{{R3000000000000RI300000000wetXJ~YD00{yP)i?=G
^0<MjKvD6tg1avVM&)At5fe)0fO#Q=68&BoL_|T?kxF4?5aPL`!Bz}ZPOo0k&)X$wQ^3@@RgonC00000
00030|Ns9000009W_507X<}?;a{vhf4%IjbPV%^csz6ckvx2)X2S(*${SgyN=74!2gcAK;wpx-GF=y^G
+yi$Y<0;{FN)+c9*m85~M02&HeQV0i0000000000|NsC0000001Y}`!VE_pN4%IjbPV%^csz6ckvx2)X
2S(*${SgyN=74!2gcAK;O<M!73ee$%%cXxzW&s3kLV3B}%Q!jNox5$B>CMj_0000000000|NsC000000
24Qq`VPj|j2?7q)I0;VjxPhubQSq~ayDtYu<zoF26H4ZQc_D-n{a(SDwFIPNm9p@0Q=N4quj=`j_>&t6
$4Wi|KW;46+RXp}0000000960|Nj60000R`Y;R&=Y)^7z1_BLtX>@L7b8|s%V`y)300aU61a5C`WdHyG
0R(ezZDjxj0RgHurJ<Zyh6w7iBup=sWBu`)_mEFCW|7=9H2!2GEhGbJWOx7o0u5JbbZ%vHb3txnXm4@`
0t$C&bZ%vHb5C+)0q}{k6GZ`41H209uSUNb0Dy~!|1R3kngQ>HC-KI9f(dtNbZ%vHb4g?Z4%IjbPV%^c
sz6ckvx2)X2S(*${SgyN=74!2gcAK;iECIT&Bl;lSX#$ms8AQN7m&qY<e5Qw(E}jxBS#zY3Rh`#Ze??G
PjX}g0{{naZbN8cX>I@o0Raxbxa~M%Zlr^{H1ibsRCVcA*+(@K+$R_oJY%-uiLn6)Z)RpgXklq?00sdF
aB^vHa%psV000C62w`$#XlZt3WB>pF3Rh`#Ze??GP;YYv0tRShX=iA3000CDbZKp6b97;CZ~y>E

-----END STRICT TYPE LIB-----

